生成启动时间为 2018/8/16 10:35:31。
     1>项目“F:\vs project\memset\memset\memset.vcxproj”在节点 2 上(build 个目标)。
     1>InitializeBuildStatus:
         正在对“Debug\memset.unsuccessfulbuild”执行 Touch 任务。
       ClCompile:
         C:\Program Files (x86)\Microsoft Visual Studio 10.0\VC\bin\CL.exe /c /ZI /nologo /W3 /WX- /Od /Oy- /D WIN32 /D _DEBUG /D _CONSOLE /D _UNICODE /D UNICODE /Gm /EHsc /RTC1 /MDd /GS /fp:precise /Zc:wchar_t /Zc:forScope /Fo"Debug\\" /Fd"Debug\vc100.pdb" /Gd /TP /analyze- /errorReport:prompt menset.cpp
         menset.cpp
     1>f:\vs project\memset\memset\menset.cpp(5): error C3872: “0x3000”: 此字符不允许在标识符中使用
     1>f:\vs project\memset\memset\menset.cpp(5): error C3872: “0x3000”: 此字符不允许在标识符中使用
     1>f:\vs project\memset\memset\menset.cpp(5): error C3872: “0x3000”: 此字符不允许在标识符中使用
     1>f:\vs project\memset\memset\menset.cpp(5): error C2065: “　　　int”: 未声明的标识符
     1>f:\vs project\memset\memset\menset.cpp(5): error C2146: 语法错误: 缺少“;”(在标识符“a”的前面)
     1>f:\vs project\memset\memset\menset.cpp(5): error C2065: “a”: 未声明的标识符
     1>f:\vs project\memset\memset\menset.cpp(6): error C3872: “0x3000”: 此字符不允许在标识符中使用
     1>f:\vs project\memset\memset\menset.cpp(6): error C3872: “0x3000”: 此字符不允许在标识符中使用
     1>f:\vs project\memset\memset\menset.cpp(6): error C3872: “0x3000”: 此字符不允许在标识符中使用
     1>f:\vs project\memset\memset\menset.cpp(6): error C2065: “　　　int”: 未声明的标识符
     1>f:\vs project\memset\memset\menset.cpp(6): error C2146: 语法错误: 缺少“;”(在标识符“i”的前面)
     1>f:\vs project\memset\memset\menset.cpp(6): error C2065: “i”: 未声明的标识符
     1>f:\vs project\memset\memset\menset.cpp(6): error C2065: “k”: 未声明的标识符
     1>f:\vs project\memset\memset\menset.cpp(7): error C3872: “0x3000”: 此字符不允许在标识符中使用
     1>f:\vs project\memset\memset\menset.cpp(7): error C3872: “0x3000”: 此字符不允许在标识符中使用
     1>f:\vs project\memset\memset\menset.cpp(7): error C3872: “0x3000”: 此字符不允许在标识符中使用
     1>f:\vs project\memset\memset\menset.cpp(7): error C2065: “　　　long”: 未声明的标识符
     1>f:\vs project\memset\memset\menset.cpp(7): error C2146: 语法错误: 缺少“;”(在标识符“n”的前面)
     1>f:\vs project\memset\memset\menset.cpp(7): error C2065: “n”: 未声明的标识符
     1>f:\vs project\memset\memset\menset.cpp(8): error C3872: “0x3000”: 此字符不允许在标识符中使用
     1>f:\vs project\memset\memset\menset.cpp(8): error C3872: “0x3000”: 此字符不允许在标识符中使用
     1>f:\vs project\memset\memset\menset.cpp(8): error C3872: “0x3000”: 此字符不允许在标识符中使用
     1>f:\vs project\memset\memset\menset.cpp(9): error C3872: “0x3000”: 此字符不允许在标识符中使用
     1>f:\vs project\memset\memset\menset.cpp(9): error C3872: “0x3000”: 此字符不允许在标识符中使用
     1>f:\vs project\memset\memset\menset.cpp(9): error C3872: “0x3000”: 此字符不允许在标识符中使用
     1>f:\vs project\memset\memset\menset.cpp(9): error C2065: “　　　”: 未声明的标识符
     1>f:\vs project\memset\memset\menset.cpp(9): error C2146: 语法错误: 缺少“;”(在标识符“　　　k”的前面)
     1>f:\vs project\memset\memset\menset.cpp(9): error C2065: “　　　k”: 未声明的标识符
     1>f:\vs project\memset\memset\menset.cpp(10): error C3872: “0x3000”: 此字符不允许在标识符中使用
     1>f:\vs project\memset\memset\menset.cpp(10): error C3872: “0x3000”: 此字符不允许在标识符中使用
     1>f:\vs project\memset\memset\menset.cpp(10): error C3872: “0x3000”: 此字符不允许在标识符中使用
     1>f:\vs project\memset\memset\menset.cpp(10): error C2065: “n”: 未声明的标识符
     1>f:\vs project\memset\memset\menset.cpp(11): error C3872: “0x3000”: 此字符不允许在标识符中使用
     1>f:\vs project\memset\memset\menset.cpp(11): error C3872: “0x3000”: 此字符不允许在标识符中使用
     1>f:\vs project\memset\memset\menset.cpp(11): error C3872: “0x3000”: 此字符不允许在标识符中使用
     1>f:\vs project\memset\memset\menset.cpp(11): error C2146: 语法错误: 缺少“;”(在标识符“　　　”的前面)
     1>f:\vs project\memset\memset\menset.cpp(10): error C3861: “　　　while”: 找不到标识符
     1>f:\vs project\memset\memset\menset.cpp(11): error C2065: “　　　”: 未声明的标识符
     1>f:\vs project\memset\memset\menset.cpp(11): error C2143: 语法错误 : 缺少“;”(在“{”的前面)
     1>f:\vs project\memset\memset\menset.cpp(12): error C3872: “0x3000”: 此字符不允许在标识符中使用
     1>f:\vs project\memset\memset\menset.cpp(12): error C3872: “0x3000”: 此字符不允许在标识符中使用
     1>f:\vs project\memset\memset\menset.cpp(12): error C3872: “0x3000”: 此字符不允许在标识符中使用
     1>f:\vs project\memset\memset\menset.cpp(12): error C3872: “0x3000”: 此字符不允许在标识符中使用
     1>f:\vs project\memset\memset\menset.cpp(12): error C2065: “　　　　”: 未声明的标识符
     1>f:\vs project\memset\memset\menset.cpp(12): error C2146: 语法错误: 缺少“;”(在标识符“a”的前面)
     1>f:\vs project\memset\memset\menset.cpp(12): error C2065: “a”: 未声明的标识符
     1>f:\vs project\memset\memset\menset.cpp(12): error C2065: “k”: 未声明的标识符
     1>f:\vs project\memset\memset\menset.cpp(12): error C2065: “n”: 未声明的标识符
     1>f:\vs project\memset\memset\menset.cpp(12): error C2065: “n”: 未声明的标识符
     1>f:\vs project\memset\memset\menset.cpp(13): error C3872: “0x3000”: 此字符不允许在标识符中使用
     1>f:\vs project\memset\memset\menset.cpp(13): error C3872: “0x3000”: 此字符不允许在标识符中使用
     1>f:\vs project\memset\memset\menset.cpp(13): error C3872: “0x3000”: 此字符不允许在标识符中使用
     1>f:\vs project\memset\memset\menset.cpp(13): error C3872: “0x3000”: 此字符不允许在标识符中使用
     1>f:\vs project\memset\memset\menset.cpp(13): error C2065: “　　　　”: 未声明的标识符
     1>f:\vs project\memset\memset\menset.cpp(13): error C2146: 语法错误: 缺少“;”(在标识符“n”的前面)
     1>f:\vs project\memset\memset\menset.cpp(13): error C2065: “n”: 未声明的标识符
     1>f:\vs project\memset\memset\menset.cpp(13): error C2065: “n”: 未声明的标识符
     1>f:\vs project\memset\memset\menset.cpp(14): error C3872: “0x3000”: 此字符不允许在标识符中使用
     1>f:\vs project\memset\memset\menset.cpp(14): error C3872: “0x3000”: 此字符不允许在标识符中使用
     1>f:\vs project\memset\memset\menset.cpp(14): error C3872: “0x3000”: 此字符不允许在标识符中使用
     1>f:\vs project\memset\memset\menset.cpp(14): error C3872: “0x3000”: 此字符不允许在标识符中使用
     1>f:\vs project\memset\memset\menset.cpp(14): error C2065: “　　　　”: 未声明的标识符
     1>f:\vs project\memset\memset\menset.cpp(14): error C2146: 语法错误: 缺少“;”(在标识符“k”的前面)
     1>f:\vs project\memset\memset\menset.cpp(14): error C2065: “k”: 未声明的标识符
     1>f:\vs project\memset\memset\menset.cpp(15): error C3872: “0x3000”: 此字符不允许在标识符中使用
     1>f:\vs project\memset\memset\menset.cpp(15): error C3872: “0x3000”: 此字符不允许在标识符中使用
     1>f:\vs project\memset\memset\menset.cpp(15): error C3872: “0x3000”: 此字符不允许在标识符中使用
     1>f:\vs project\memset\memset\menset.cpp(15): error C2065: “　　　”: 未声明的标识符
     1>f:\vs project\memset\memset\menset.cpp(15): error C2143: 语法错误 : 缺少“;”(在“}”的前面)
     1>f:\vs project\memset\memset\menset.cpp(16): error C3872: “0x3000”: 此字符不允许在标识符中使用
     1>f:\vs project\memset\memset\menset.cpp(16): error C3872: “0x3000”: 此字符不允许在标识符中使用
     1>f:\vs project\memset\memset\menset.cpp(16): error C3872: “0x3000”: 此字符不允许在标识符中使用
     1>f:\vs project\memset\memset\menset.cpp(17): error C3872: “0x3000”: 此字符不允许在标识符中使用
     1>f:\vs project\memset\memset\menset.cpp(17): error C3872: “0x3000”: 此字符不允许在标识符中使用
     1>f:\vs project\memset\memset\menset.cpp(17): error C3872: “0x3000”: 此字符不允许在标识符中使用
     1>f:\vs project\memset\memset\menset.cpp(17): error C2065: “　　　”: 未声明的标识符
     1>f:\vs project\memset\memset\menset.cpp(17): error C2146: 语法错误: 缺少“;”(在标识符“　　　for”的前面)
     1>f:\vs project\memset\memset\menset.cpp(17): error C2065: “i”: 未声明的标识符
     1>f:\vs project\memset\memset\menset.cpp(17): error C2143: 语法错误 : 缺少“)”(在“;”的前面)
     1>f:\vs project\memset\memset\menset.cpp(17): error C3861: “　　　for”: 找不到标识符
     1>f:\vs project\memset\memset\menset.cpp(17): error C2065: “i”: 未声明的标识符
     1>f:\vs project\memset\memset\menset.cpp(17): error C2065: “k”: 未声明的标识符
     1>f:\vs project\memset\memset\menset.cpp(17): error C2065: “i”: 未声明的标识符
     1>f:\vs project\memset\memset\menset.cpp(17): error C2059: 语法错误:“)”
     1>f:\vs project\memset\memset\menset.cpp(18): error C3872: “0x3000”: 此字符不允许在标识符中使用
     1>f:\vs project\memset\memset\menset.cpp(18): error C3872: “0x3000”: 此字符不允许在标识符中使用
     1>f:\vs project\memset\memset\menset.cpp(18): error C3872: “0x3000”: 此字符不允许在标识符中使用
     1>f:\vs project\memset\memset\menset.cpp(19): error C3872: “0x3000”: 此字符不允许在标识符中使用
     1>f:\vs project\memset\memset\menset.cpp(19): error C3872: “0x3000”: 此字符不允许在标识符中使用
     1>f:\vs project\memset\memset\menset.cpp(19): error C3872: “0x3000”: 此字符不允许在标识符中使用
     1>f:\vs project\memset\memset\menset.cpp(19): error C2146: 语法错误: 缺少“;”(在标识符“　　　”的前面)
     1>f:\vs project\memset\memset\menset.cpp(21): error C3872: “0x3000”: 此字符不允许在标识符中使用
     1>f:\vs project\memset\memset\menset.cpp(21): error C3872: “0x3000”: 此字符不允许在标识符中使用
     1>f:\vs project\memset\memset\menset.cpp(21): error C3872: “0x3000”: 此字符不允许在标识符中使用
     1>f:\vs project\memset\memset\menset.cpp(21): error C2065: “　　　”: 未声明的标识符
     1>f:\vs project\memset\memset\menset.cpp(21): error C2146: 语法错误: 缺少“;”(在标识符“　　　”的前面)
     1>f:\vs project\memset\memset\menset.cpp(21): error C2065: “　　　”: 未声明的标识符
     1>f:\vs project\memset\memset\menset.cpp(21): error C2146: 语法错误: 缺少“;”(在标识符“　　　return”的前面)
     1>f:\vs project\memset\memset\menset.cpp(21): error C2065: “　　　return”: 未声明的标识符
     1>f:\vs project\memset\memset\menset.cpp(21): error C2143: 语法错误 : 缺少“;”(在“常量”的前面)
     1>已完成生成项目“F:\vs project\memset\memset\memset.vcxproj”(build 个目标)的操作 - 失败。

生成失败。

已用时间 00:00:00.37
