生成启动时间为 2018/10/28 0:47:18。
     1>项目“F:\vs project\frnd2tmp\frnd2tmp\frnd2tmp.vcxproj”在节点 2 上(build 个目标)。
     1>InitializeBuildStatus:
         正在对“Debug\frnd2tmp.unsuccessfulbuild”执行 Touch 任务。
       ClCompile:
         C:\Program Files (x86)\Microsoft Visual Studio 10.0\VC\bin\CL.exe /c /ZI /nologo /W3 /WX- /Od /Oy- /D WIN32 /D _DEBUG /D _CONSOLE /D _UNICODE /D UNICODE /Gm /EHsc /RTC1 /MDd /GS /fp:precise /Zc:wchar_t /Zc:forScope /Fo"Debug\\" /Fd"Debug\vc100.pdb" /Gd /TP /analyze- /errorReport:prompt main.cpp
         main.cpp
       ManifestResourceCompile:
         所有输出均为最新。
       Link:
         C:\Program Files (x86)\Microsoft Visual Studio 10.0\VC\bin\link.exe /ERRORREPORT:PROMPT /OUT:"F:\vs project\frnd2tmp\Debug\frnd2tmp.exe" /INCREMENTAL /NOLOGO kernel32.lib user32.lib gdi32.lib winspool.lib comdlg32.lib advapi32.lib shell32.lib ole32.lib oleaut32.lib uuid.lib odbc32.lib odbccp32.lib /MANIFEST /ManifestFile:"Debug\frnd2tmp.exe.intermediate.manifest" /MANIFESTUAC:"level='asInvoker' uiAccess='false'" /DEBUG /PDB:"F:\vs project\frnd2tmp\Debug\frnd2tmp.pdb" /SUBSYSTEM:CONSOLE /TLBID:1 /DYNAMICBASE /NXCOMPAT /IMPLIB:"F:\vs project\frnd2tmp\Debug\frnd2tmp.lib" /MACHINE:X86 Debug\frnd2tmp.exe.embed.manifest.res
         Debug\main.obj
     1>main.obj : error LNK2019: 无法解析的外部符号 "void __cdecl reports(class HasFriend<int> &)" (?reports@@YAXAAV?$HasFriend@H@@@Z)，该符号在函数 _main 中被引用
     1>F:\vs project\frnd2tmp\Debug\frnd2tmp.exe : fatal error LNK1120: 1 个无法解析的外部命令
     1>已完成生成项目“F:\vs project\frnd2tmp\frnd2tmp\frnd2tmp.vcxproj”(build 个目标)的操作 - 失败。

生成失败。

已用时间 00:00:00.58
